2014/08/28 09:57:12 [error] [exception.CHttpException.404] exception 'CHttpException' with message 'The system is unable to find the requested action "index".' in /Volumes/WORK/htdocs/team/yii/instagress/trunk/framework/web/CController.php:483
Stack trace:
#0 /Volumes/WORK/htdocs/team/yii/instagress/trunk/framework/web/CController.php(270): CController->missingAction('')
#1 /Volumes/WORK/htdocs/team/yii/instagress/trunk/framework/web/CWebApplication.php(282): CController->run('')
#2 /Volumes/WORK/htdocs/team/yii/instagress/trunk/framework/web/CWebApplication.php(141): CWebApplication->runController('')
#3 /Volumes/WORK/htdocs/team/yii/instagress/trunk/framework/base/CApplication.php(180): CWebApplication->processRequest()
#4 /Volumes/WORK/htdocs/team/yii/instagress/trunk/index.php(11): CApplication->run()
#5 {main}
REQUEST_URI=/
---
2014/08/28 09:58:21 [error] [exception.CHttpException.404] exception 'CHttpException' with message 'The system is unable to find the requested action "index".' in /Volumes/WORK/htdocs/team/yii/instagress/trunk/framework/web/CController.php:483
Stack trace:
#0 /Volumes/WORK/htdocs/team/yii/instagress/trunk/framework/web/CController.php(270): CController->missingAction('')
#1 /Volumes/WORK/htdocs/team/yii/instagress/trunk/framework/web/CWebApplication.php(282): CController->run('')
#2 /Volumes/WORK/htdocs/team/yii/instagress/trunk/framework/web/CWebApplication.php(141): CWebApplication->runController('')
#3 /Volumes/WORK/htdocs/team/yii/instagress/trunk/framework/base/CApplication.php(180): CWebApplication->processRequest()
#4 /Volumes/WORK/htdocs/team/yii/instagress/trunk/index.php(11): CApplication->run()
#5 {main}
REQUEST_URI=/
---
2014/08/28 09:58:35 [error] [php] include(Post.php): failed to open stream: No such file or directory (/Volumes/WORK/htdocs/team/yii/instagress/trunk/framework/YiiBase.php:427)
Stack trace:
#0 /Volumes/WORK/htdocs/team/yii/instagress/trunk/protected/controllers/PostController.php(120): spl_autoload_call()
#1 /Volumes/WORK/htdocs/team/yii/instagress/trunk/framework/web/actions/CInlineAction.php(49): PostController->actionIndex()
#2 /Volumes/WORK/htdocs/team/yii/instagress/trunk/framework/web/CController.php(308): CInlineAction->runWithParams()
#3 /Volumes/WORK/htdocs/team/yii/instagress/trunk/framework/web/filters/CFilterChain.php(133): PostController->runAction()
#4 /Volumes/WORK/htdocs/team/yii/instagress/trunk/framework/web/filters/CFilter.php(40): CFilterChain->run()
#5 /Volumes/WORK/htdocs/team/yii/instagress/trunk/framework/web/CController.php(1145): CAccessControlFilter->filter()
#6 /Volumes/WORK/htdocs/team/yii/instagress/trunk/framework/web/filters/CInlineFilter.php(58): PostController->filterAccessControl()
#7 /Volumes/WORK/htdocs/team/yii/instagress/trunk/framework/web/filters/CFilterChain.php(130): CInlineFilter->filter()
#8 /Volumes/WORK/htdocs/team/yii/instagress/trunk/framework/web/CController.php(291): CFilterChain->run()
#9 /Volumes/WORK/htdocs/team/yii/instagress/trunk/framework/web/CController.php(265): PostController->runActionWithFilters()
#10 /Volumes/WORK/htdocs/team/yii/instagress/trunk/framework/web/CWebApplication.php(282): PostController->run()
#11 /Volumes/WORK/htdocs/team/yii/instagress/trunk/framework/web/CWebApplication.php(141): CWebApplication->runController()
#12 /Volumes/WORK/htdocs/team/yii/instagress/trunk/framework/base/CApplication.php(180): CWebApplication->processRequest()
#13 /Volumes/WORK/htdocs/team/yii/instagress/trunk/index.php(11): CWebApplication->run()
REQUEST_URI=/post
2014/08/28 09:59:23 [error] [exception.CDbException] exception 'CDbException' with message 'CDbConnection failed to open the DB connection: SQLSTATE[28000] [1045] Access denied for user 'root'@'localhost' (using password: NO)' in /Volumes/WORK/htdocs/team/yii/instagress/trunk/framework/db/CDbConnection.php:382
Stack trace:
#0 /Volumes/WORK/htdocs/team/yii/instagress/trunk/framework/db/CDbConnection.php(330): CDbConnection->open()
#1 /Volumes/WORK/htdocs/team/yii/instagress/trunk/framework/db/CDbConnection.php(308): CDbConnection->setActive(true)
#2 /Volumes/WORK/htdocs/team/yii/instagress/trunk/framework/base/CModule.php(387): CDbConnection->init()
#3 /Volumes/WORK/htdocs/team/yii/instagress/trunk/framework/base/CApplication.php(450): CModule->getComponent('db')
#4 /Volumes/WORK/htdocs/team/yii/instagress/trunk/framework/db/ar/CActiveRecord.php(634): CApplication->getDb()
#5 /Volumes/WORK/htdocs/team/yii/instagress/trunk/framework/db/ar/CActiveRecord.php(667): CActiveRecord->getDbConnection()
#6 /Volumes/WORK/htdocs/team/yii/instagress/trunk/framework/db/ar/CActiveRecord.php(1595): CActiveRecord->getCommandBuilder()
#7 /Volumes/WORK/htdocs/team/yii/instagress/trunk/framework/web/CActiveDataProvider.php(228): CActiveRecord->count(Object(CDbCriteria))
#8 /Volumes/WORK/htdocs/team/yii/instagress/trunk/framework/web/CDataProvider.php(224): CActiveDataProvider->calculateTotalItemCount()
#9 /Volumes/WORK/htdocs/team/yii/instagress/trunk/framework/web/CActiveDataProvider.php(178): CDataProvider->getTotalItemCount()
#10 /Volumes/WORK/htdocs/team/yii/instagress/trunk/framework/web/CDataProvider.php(168): CActiveDataProvider->fetchData()
#11 /Volumes/WORK/htdocs/team/yii/instagress/trunk/framework/zii/widgets/CBaseListView.php(111): CDataProvider->getData()
#12 /Volumes/WORK/htdocs/team/yii/instagress/trunk/framework/zii/widgets/CListView.php(211): CBaseListView->init()
#13 /Volumes/WORK/htdocs/team/yii/instagress/trunk/framework/web/CBaseController.php(147): CListView->init()
#14 /Volumes/WORK/htdocs/team/yii/instagress/trunk/framework/web/CBaseController.php(172): CBaseController->createWidget('zii.widgets.CLi...', Array)
#15 /Volumes/WORK/htdocs/team/yii/instagress/trunk/themes/frontend/views/post/index.php(9): CBaseController->widget('zii.widgets.CLi...', Array)
#16 /Volumes/WORK/htdocs/team/yii/instagress/trunk/framework/web/CBaseController.php(126): require('/Volumes/WORK/h...')
#17 /Volumes/WORK/htdocs/team/yii/instagress/trunk/framework/web/CBaseController.php(95): CBaseController->renderInternal('/Volumes/WORK/h...', Array, true)
#18 /Volumes/WORK/htdocs/team/yii/instagress/trunk/framework/web/CController.php(869): CBaseController->renderFile('/Volumes/WORK/h...', Array, true)
#19 /Volumes/WORK/htdocs/team/yii/instagress/trunk/framework/web/CController.php(782): CController->renderPartial('index', Array, true)
#20 /Volumes/WORK/htdocs/team/yii/instagress/trunk/protected/controllers/PostController.php(136): CController->render('index', Array)
#21 /Volumes/WORK/htdocs/team/yii/instagress/trunk/framework/web/actions/CInlineAction.php(49): PostController->actionIndex()
#22 /Volumes/WORK/htdocs/team/yii/instagress/trunk/framework/web/CController.php(308): CInlineAction->runWithParams(Array)
#23 /Volumes/WORK/htdocs/team/yii/instagress/trunk/framework/web/filters/CFilterChain.php(133): CController->runAction(Object(CInlineAction))
#24 /Volumes/WORK/htdocs/team/yii/instagress/trunk/framework/web/filters/CFilter.php(40): CFilterChain->run()
#25 /Volumes/WORK/htdocs/team/yii/instagress/trunk/framework/web/CController.php(1145): CFilter->filter(Object(CFilterChain))
#26 /Volumes/WORK/htdocs/team/yii/instagress/trunk/framework/web/filters/CInlineFilter.php(58): CController->filterAccessControl(Object(CFilterChain))
#27 /Volumes/WORK/htdocs/team/yii/instagress/trunk/framework/web/filters/CFilterChain.php(130): CInlineFilter->filter(Object(CFilterChain))
#28 /Volumes/WORK/htdocs/team/yii/instagress/trunk/framework/web/CController.php(291): CFilterChain->run()
#29 /Volumes/WORK/htdocs/team/yii/instagress/trunk/framework/web/CController.php(265): CController->runActionWithFilters(Object(CInlineAction), Array)
#30 /Volumes/WORK/htdocs/team/yii/instagress/trunk/framework/web/CWebApplication.php(282): CController->run('')
#31 /Volumes/WORK/htdocs/team/yii/instagress/trunk/framework/web/CWebApplication.php(141): CWebApplication->runController('post')
#32 /Volumes/WORK/htdocs/team/yii/instagress/trunk/framework/base/CApplication.php(180): CWebApplication->processRequest()
#33 /Volumes/WORK/htdocs/team/yii/instagress/trunk/index.php(11): CApplication->run()
#34 {main}
REQUEST_URI=/post
---
2014/08/28 10:04:32 [error] [system.db.CDbCommand] CDbCommand::fetchAll() failed: SQLSTATE[42S02]: Base table or view not found: 1146 Table 'instagress.user' doesn't exist. The SQL statement executed was: SHOW FULL COLUMNS FROM `user`.
2014/08/28 10:04:32 [error] [exception.CDbException] exception 'CDbException' with message 'The table "user" for active record class "User" cannot be found in the database.' in /Volumes/WORK/htdocs/team/yii/instagress/trunk/framework/db/ar/CActiveRecord.php:2362
Stack trace:
#0 /Volumes/WORK/htdocs/team/yii/instagress/trunk/framework/db/ar/CActiveRecord.php(411): CActiveRecordMetaData->__construct(Object(User))
#1 /Volumes/WORK/htdocs/team/yii/instagress/trunk/framework/db/ar/CActiveRecord.php(658): CActiveRecord->getMetaData()
#2 /Volumes/WORK/htdocs/team/yii/instagress/trunk/framework/db/ar/CActiveFinder.php(383): CActiveRecord->getTableSchema()
#3 /Volumes/WORK/htdocs/team/yii/instagress/trunk/framework/db/ar/CActiveFinder.php(278): CJoinElement->__construct(Object(CActiveFinder), Object(CBelongsToRelation), Object(CJoinElement), 1)
#4 /Volumes/WORK/htdocs/team/yii/instagress/trunk/framework/db/ar/CActiveFinder.php(48): CActiveFinder->buildJoinTree(Object(CJoinElement), 'author')
#5 /Volumes/WORK/htdocs/team/yii/instagress/trunk/framework/db/ar/CActiveRecord.php(909): CActiveFinder->__construct(Object(Post), 'author')
#6 /Volumes/WORK/htdocs/team/yii/instagress/trunk/framework/db/ar/CActiveRecord.php(280): CActiveRecord->getActiveFinder('author')
#7 /Volumes/WORK/htdocs/team/yii/instagress/trunk/framework/db/ar/CActiveRecord.php(143): CActiveRecord->getRelated('author')
#8 /Volumes/WORK/htdocs/team/yii/instagress/trunk/themes/frontend/views/post/_view.php(6): CActiveRecord->__get('author')
#9 /Volumes/WORK/htdocs/team/yii/instagress/trunk/framework/web/CBaseController.php(130): require('/Volumes/WORK/h...')
#10 /Volumes/WORK/htdocs/team/yii/instagress/trunk/framework/web/CBaseController.php(95): CBaseController->renderInternal('/Volumes/WORK/h...', Array, false)
#11 /Volumes/WORK/htdocs/team/yii/instagress/trunk/framework/zii/widgets/CListView.php(291): CBaseController->renderFile('/Volumes/WORK/h...', Array)
#12 /Volumes/WORK/htdocs/team/yii/instagress/trunk/framework/zii/widgets/CBaseListView.php(167): CListView->renderItems()
#13 [internal function]: CBaseListView->renderSection(Array)
#14 /Volumes/WORK/htdocs/team/yii/instagress/trunk/framework/zii/widgets/CBaseListView.php(150): preg_replace_callback('/{(\w+)}/', Array, '{items}?{pager}')
#15 /Volumes/WORK/htdocs/team/yii/instagress/trunk/framework/zii/widgets/CBaseListView.php(135): CBaseListView->renderContent()
#16 /Volumes/WORK/htdocs/team/yii/instagress/trunk/framework/web/CBaseController.php(173): CBaseListView->run()
#17 /Volumes/WORK/htdocs/team/yii/instagress/trunk/themes/frontend/views/post/index.php(9): CBaseController->widget('zii.widgets.CLi...', Array)
#18 /Volumes/WORK/htdocs/team/yii/instagress/trunk/framework/web/CBaseController.php(126): require('/Volumes/WORK/h...')
#19 /Volumes/WORK/htdocs/team/yii/instagress/trunk/framework/web/CBaseController.php(95): CBaseController->renderInternal('/Volumes/WORK/h...', Array, true)
#20 /Volumes/WORK/htdocs/team/yii/instagress/trunk/framework/web/CController.php(869): CBaseController->renderFile('/Volumes/WORK/h...', Array, true)
#21 /Volumes/WORK/htdocs/team/yii/instagress/trunk/framework/web/CController.php(782): CController->renderPartial('index', Array, true)
#22 /Volumes/WORK/htdocs/team/yii/instagress/trunk/protected/controllers/PostController.php(136): CController->render('index', Array)
#23 /Volumes/WORK/htdocs/team/yii/instagress/trunk/framework/web/actions/CInlineAction.php(49): PostController->actionIndex()
#24 /Volumes/WORK/htdocs/team/yii/instagress/trunk/framework/web/CController.php(308): CInlineAction->runWithParams(Array)
#25 /Volumes/WORK/htdocs/team/yii/instagress/trunk/framework/web/filters/CFilterChain.php(133): CController->runAction(Object(CInlineAction))
#26 /Volumes/WORK/htdocs/team/yii/instagress/trunk/framework/web/filters/CFilter.php(40): CFilterChain->run()
#27 /Volumes/WORK/htdocs/team/yii/instagress/trunk/framework/web/CController.php(1145): CFilter->filter(Object(CFilterChain))
#28 /Volumes/WORK/htdocs/team/yii/instagress/trunk/framework/web/filters/CInlineFilter.php(58): CController->filterAccessControl(Object(CFilterChain))
#29 /Volumes/WORK/htdocs/team/yii/instagress/trunk/framework/web/filters/CFilterChain.php(130): CInlineFilter->filter(Object(CFilterChain))
#30 /Volumes/WORK/htdocs/team/yii/instagress/trunk/framework/web/CController.php(291): CFilterChain->run()
#31 /Volumes/WORK/htdocs/team/yii/instagress/trunk/framework/web/CController.php(265): CController->runActionWithFilters(Object(CInlineAction), Array)
#32 /Volumes/WORK/htdocs/team/yii/instagress/trunk/framework/web/CWebApplication.php(282): CController->run('')
#33 /Volumes/WORK/htdocs/team/yii/instagress/trunk/framework/web/CWebApplication.php(141): CWebApplication->runController('post')
#34 /Volumes/WORK/htdocs/team/yii/instagress/trunk/framework/base/CApplication.php(180): CWebApplication->processRequest()
#35 /Volumes/WORK/htdocs/team/yii/instagress/trunk/index.php(11): CApplication->run()
#36 {main}
REQUEST_URI=/post
---
2014/08/28 10:05:20 [error] [system.db.CDbCommand] CDbCommand::fetchAll() failed: SQLSTATE[42S02]: Base table or view not found: 1146 Table 'instagress.user' doesn't exist. The SQL statement executed was: SHOW FULL COLUMNS FROM `user`.
2014/08/28 10:05:20 [error] [exception.CDbException] exception 'CDbException' with message 'The table "user" for active record class "User" cannot be found in the database.' in /Volumes/WORK/htdocs/team/yii/instagress/trunk/framework/db/ar/CActiveRecord.php:2362
Stack trace:
#0 /Volumes/WORK/htdocs/team/yii/instagress/trunk/framework/db/ar/CActiveRecord.php(411): CActiveRecordMetaData->__construct(Object(User))
#1 /Volumes/WORK/htdocs/team/yii/instagress/trunk/framework/db/ar/CActiveRecord.php(658): CActiveRecord->getMetaData()
#2 /Volumes/WORK/htdocs/team/yii/instagress/trunk/framework/db/ar/CActiveFinder.php(383): CActiveRecord->getTableSchema()
#3 /Volumes/WORK/htdocs/team/yii/instagress/trunk/framework/db/ar/CActiveFinder.php(278): CJoinElement->__construct(Object(CActiveFinder), Object(CBelongsToRelation), Object(CJoinElement), 1)
#4 /Volumes/WORK/htdocs/team/yii/instagress/trunk/framework/db/ar/CActiveFinder.php(48): CActiveFinder->buildJoinTree(Object(CJoinElement), 'author')
#5 /Volumes/WORK/htdocs/team/yii/instagress/trunk/framework/db/ar/CActiveRecord.php(909): CActiveFinder->__construct(Object(Post), 'author')
#6 /Volumes/WORK/htdocs/team/yii/instagress/trunk/framework/db/ar/CActiveRecord.php(280): CActiveRecord->getActiveFinder('author')
#7 /Volumes/WORK/htdocs/team/yii/instagress/trunk/framework/db/ar/CActiveRecord.php(143): CActiveRecord->getRelated('author')
#8 /Volumes/WORK/htdocs/team/yii/instagress/trunk/themes/frontend/views/post/_view.php(6): CActiveRecord->__get('author')
#9 /Volumes/WORK/htdocs/team/yii/instagress/trunk/framework/web/CBaseController.php(130): require('/Volumes/WORK/h...')
#10 /Volumes/WORK/htdocs/team/yii/instagress/trunk/framework/web/CBaseController.php(95): CBaseController->renderInternal('/Volumes/WORK/h...', Array, false)
#11 /Volumes/WORK/htdocs/team/yii/instagress/trunk/framework/zii/widgets/CListView.php(291): CBaseController->renderFile('/Volumes/WORK/h...', Array)
#12 /Volumes/WORK/htdocs/team/yii/instagress/trunk/framework/zii/widgets/CBaseListView.php(167): CListView->renderItems()
#13 [internal function]: CBaseListView->renderSection(Array)
#14 /Volumes/WORK/htdocs/team/yii/instagress/trunk/framework/zii/widgets/CBaseListView.php(150): preg_replace_callback('/{(\w+)}/', Array, '{items}?{pager}')
#15 /Volumes/WORK/htdocs/team/yii/instagress/trunk/framework/zii/widgets/CBaseListView.php(135): CBaseListView->renderContent()
#16 /Volumes/WORK/htdocs/team/yii/instagress/trunk/framework/web/CBaseController.php(173): CBaseListView->run()
#17 /Volumes/WORK/htdocs/team/yii/instagress/trunk/themes/frontend/views/post/index.php(9): CBaseController->widget('zii.widgets.CLi...', Array)
#18 /Volumes/WORK/htdocs/team/yii/instagress/trunk/framework/web/CBaseController.php(126): require('/Volumes/WORK/h...')
#19 /Volumes/WORK/htdocs/team/yii/instagress/trunk/framework/web/CBaseController.php(95): CBaseController->renderInternal('/Volumes/WORK/h...', Array, true)
#20 /Volumes/WORK/htdocs/team/yii/instagress/trunk/framework/web/CController.php(869): CBaseController->renderFile('/Volumes/WORK/h...', Array, true)
#21 /Volumes/WORK/htdocs/team/yii/instagress/trunk/framework/web/CController.php(782): CController->renderPartial('index', Array, true)
#22 /Volumes/WORK/htdocs/team/yii/instagress/trunk/protected/controllers/PostController.php(136): CController->render('index', Array)
#23 /Volumes/WORK/htdocs/team/yii/instagress/trunk/framework/web/actions/CInlineAction.php(49): PostController->actionIndex()
#24 /Volumes/WORK/htdocs/team/yii/instagress/trunk/framework/web/CController.php(308): CInlineAction->runWithParams(Array)
#25 /Volumes/WORK/htdocs/team/yii/instagress/trunk/framework/web/filters/CFilterChain.php(133): CController->runAction(Object(CInlineAction))
#26 /Volumes/WORK/htdocs/team/yii/instagress/trunk/framework/web/filters/CFilter.php(40): CFilterChain->run()
#27 /Volumes/WORK/htdocs/team/yii/instagress/trunk/framework/web/CController.php(1145): CFilter->filter(Object(CFilterChain))
#28 /Volumes/WORK/htdocs/team/yii/instagress/trunk/framework/web/filters/CInlineFilter.php(58): CController->filterAccessControl(Object(CFilterChain))
#29 /Volumes/WORK/htdocs/team/yii/instagress/trunk/framework/web/filters/CFilterChain.php(130): CInlineFilter->filter(Object(CFilterChain))
#30 /Volumes/WORK/htdocs/team/yii/instagress/trunk/framework/web/CController.php(291): CFilterChain->run()
#31 /Volumes/WORK/htdocs/team/yii/instagress/trunk/framework/web/CController.php(265): CController->runActionWithFilters(Object(CInlineAction), Array)
#32 /Volumes/WORK/htdocs/team/yii/instagress/trunk/framework/web/CWebApplication.php(282): CController->run('')
#33 /Volumes/WORK/htdocs/team/yii/instagress/trunk/framework/web/CWebApplication.php(141): CWebApplication->runController('post')
#34 /Volumes/WORK/htdocs/team/yii/instagress/trunk/framework/base/CApplication.php(180): CWebApplication->processRequest()
#35 /Volumes/WORK/htdocs/team/yii/instagress/trunk/index.php(11): CApplication->run()
#36 {main}
REQUEST_URI=/post
---
2014/08/28 10:06:36 [error] [system.db.CDbCommand] CDbCommand::fetchAll() failed: SQLSTATE[42S02]: Base table or view not found: 1146 Table 'instagress.user' doesn't exist. The SQL statement executed was: SHOW FULL COLUMNS FROM `user`.
2014/08/28 10:06:36 [error] [exception.CDbException] exception 'CDbException' with message 'The table "user" for active record class "User" cannot be found in the database.' in /Volumes/WORK/htdocs/team/yii/instagress/trunk/framework/db/ar/CActiveRecord.php:2362
Stack trace:
#0 /Volumes/WORK/htdocs/team/yii/instagress/trunk/framework/db/ar/CActiveRecord.php(411): CActiveRecordMetaData->__construct(Object(User))
#1 /Volumes/WORK/htdocs/team/yii/instagress/trunk/framework/db/ar/CActiveRecord.php(658): CActiveRecord->getMetaData()
#2 /Volumes/WORK/htdocs/team/yii/instagress/trunk/framework/db/ar/CActiveFinder.php(383): CActiveRecord->getTableSchema()
#3 /Volumes/WORK/htdocs/team/yii/instagress/trunk/framework/db/ar/CActiveFinder.php(278): CJoinElement->__construct(Object(CActiveFinder), Object(CBelongsToRelation), Object(CJoinElement), 1)
#4 /Volumes/WORK/htdocs/team/yii/instagress/trunk/framework/db/ar/CActiveFinder.php(48): CActiveFinder->buildJoinTree(Object(CJoinElement), 'author')
#5 /Volumes/WORK/htdocs/team/yii/instagress/trunk/framework/db/ar/CActiveRecord.php(909): CActiveFinder->__construct(Object(Post), 'author')
#6 /Volumes/WORK/htdocs/team/yii/instagress/trunk/framework/db/ar/CActiveRecord.php(280): CActiveRecord->getActiveFinder('author')
#7 /Volumes/WORK/htdocs/team/yii/instagress/trunk/framework/db/ar/CActiveRecord.php(143): CActiveRecord->getRelated('author')
#8 /Volumes/WORK/htdocs/team/yii/instagress/trunk/themes/frontend/views/post/_view.php(6): CActiveRecord->__get('author')
#9 /Volumes/WORK/htdocs/team/yii/instagress/trunk/framework/web/CBaseController.php(130): require('/Volumes/WORK/h...')
#10 /Volumes/WORK/htdocs/team/yii/instagress/trunk/framework/web/CBaseController.php(95): CBaseController->renderInternal('/Volumes/WORK/h...', Array, false)
#11 /Volumes/WORK/htdocs/team/yii/instagress/trunk/framework/zii/widgets/CListView.php(291): CBaseController->renderFile('/Volumes/WORK/h...', Array)
#12 /Volumes/WORK/htdocs/team/yii/instagress/trunk/framework/zii/widgets/CBaseListView.php(167): CListView->renderItems()
#13 [internal function]: CBaseListView->renderSection(Array)
#14 /Volumes/WORK/htdocs/team/yii/instagress/trunk/framework/zii/widgets/CBaseListView.php(150): preg_replace_callback('/{(\w+)}/', Array, '{items}?{pager}')
#15 /Volumes/WORK/htdocs/team/yii/instagress/trunk/framework/zii/widgets/CBaseListView.php(135): CBaseListView->renderContent()
#16 /Volumes/WORK/htdocs/team/yii/instagress/trunk/framework/web/CBaseController.php(173): CBaseListView->run()
#17 /Volumes/WORK/htdocs/team/yii/instagress/trunk/themes/frontend/views/post/index.php(9): CBaseController->widget('zii.widgets.CLi...', Array)
#18 /Volumes/WORK/htdocs/team/yii/instagress/trunk/framework/web/CBaseController.php(126): require('/Volumes/WORK/h...')
#19 /Volumes/WORK/htdocs/team/yii/instagress/trunk/framework/web/CBaseController.php(95): CBaseController->renderInternal('/Volumes/WORK/h...', Array, true)
#20 /Volumes/WORK/htdocs/team/yii/instagress/trunk/framework/web/CController.php(869): CBaseController->renderFile('/Volumes/WORK/h...', Array, true)
#21 /Volumes/WORK/htdocs/team/yii/instagress/trunk/framework/web/CController.php(782): CController->renderPartial('index', Array, true)
#22 /Volumes/WORK/htdocs/team/yii/instagress/trunk/protected/controllers/PostController.php(136): CController->render('index', Array)
#23 /Volumes/WORK/htdocs/team/yii/instagress/trunk/framework/web/actions/CInlineAction.php(49): PostController->actionIndex()
#24 /Volumes/WORK/htdocs/team/yii/instagress/trunk/framework/web/CController.php(308): CInlineAction->runWithParams(Array)
#25 /Volumes/WORK/htdocs/team/yii/instagress/trunk/framework/web/filters/CFilterChain.php(133): CController->runAction(Object(CInlineAction))
#26 /Volumes/WORK/htdocs/team/yii/instagress/trunk/framework/web/filters/CFilter.php(40): CFilterChain->run()
#27 /Volumes/WORK/htdocs/team/yii/instagress/trunk/framework/web/CController.php(1145): CFilter->filter(Object(CFilterChain))
#28 /Volumes/WORK/htdocs/team/yii/instagress/trunk/framework/web/filters/CInlineFilter.php(58): CController->filterAccessControl(Object(CFilterChain))
#29 /Volumes/WORK/htdocs/team/yii/instagress/trunk/framework/web/filters/CFilterChain.php(130): CInlineFilter->filter(Object(CFilterChain))
#30 /Volumes/WORK/htdocs/team/yii/instagress/trunk/framework/web/CController.php(291): CFilterChain->run()
#31 /Volumes/WORK/htdocs/team/yii/instagress/trunk/framework/web/CController.php(265): CController->runActionWithFilters(Object(CInlineAction), Array)
#32 /Volumes/WORK/htdocs/team/yii/instagress/trunk/framework/web/CWebApplication.php(282): CController->run('index')
#33 /Volumes/WORK/htdocs/team/yii/instagress/trunk/framework/web/CWebApplication.php(141): CWebApplication->runController('post/index')
#34 /Volumes/WORK/htdocs/team/yii/instagress/trunk/framework/base/CApplication.php(180): CWebApplication->processRequest()
#35 /Volumes/WORK/htdocs/team/yii/instagress/trunk/index.php(11): CApplication->run()
#36 {main}
REQUEST_URI=/post/index
---
2014/08/28 10:06:46 [error] [php] include(TagCloud.php): failed to open stream: No such file or directory (/Volumes/WORK/htdocs/team/yii/instagress/trunk/framework/YiiBase.php:427)
Stack trace:
#0 /Volumes/WORK/htdocs/team/yii/instagress/trunk/framework/web/CWidgetFactory.php(146): import()
#1 /Volumes/WORK/htdocs/team/yii/instagress/trunk/framework/web/CBaseController.php(146): CWidgetFactory->createWidget()
#2 /Volumes/WORK/htdocs/team/yii/instagress/trunk/framework/web/CBaseController.php(172): PostController->createWidget()
#3 /Volumes/WORK/htdocs/team/yii/instagress/trunk/themes/frontend/views/layouts/column2.php(14): PostController->widget()
#4 /Volumes/WORK/htdocs/team/yii/instagress/trunk/framework/web/CBaseController.php(126): require()
#5 /Volumes/WORK/htdocs/team/yii/instagress/trunk/framework/web/CBaseController.php(95): PostController->renderInternal()
#6 /Volumes/WORK/htdocs/team/yii/instagress/trunk/framework/web/CController.php(784): PostController->renderFile()
#7 /Volumes/WORK/htdocs/team/yii/instagress/trunk/protected/controllers/PostController.php(136): PostController->render()
#8 /Volumes/WORK/htdocs/team/yii/instagress/trunk/framework/web/actions/CInlineAction.php(49): PostController->actionIndex()
#9 /Volumes/WORK/htdocs/team/yii/instagress/trunk/framework/web/CController.php(308): CInlineAction->runWithParams()
#10 /Volumes/WORK/htdocs/team/yii/instagress/trunk/framework/web/filters/CFilterChain.php(133): PostController->runAction()
#11 /Volumes/WORK/htdocs/team/yii/instagress/trunk/framework/web/filters/CFilter.php(40): CFilterChain->run()
#12 /Volumes/WORK/htdocs/team/yii/instagress/trunk/framework/web/CController.php(1145): CAccessControlFilter->filter()
#13 /Volumes/WORK/htdocs/team/yii/instagress/trunk/framework/web/filters/CInlineFilter.php(58): PostController->filterAccessControl()
#14 /Volumes/WORK/htdocs/team/yii/instagress/trunk/framework/web/filters/CFilterChain.php(130): CInlineFilter->filter()
#15 /Volumes/WORK/htdocs/team/yii/instagress/trunk/framework/web/CController.php(291): CFilterChain->run()
#16 /Volumes/WORK/htdocs/team/yii/instagress/trunk/framework/web/CController.php(265): PostController->runActionWithFilters()
#17 /Volumes/WORK/htdocs/team/yii/instagress/trunk/framework/web/CWebApplication.php(282): PostController->run()
#18 /Volumes/WORK/htdocs/team/yii/instagress/trunk/framework/web/CWebApplication.php(141): CWebApplication->runController()
#19 /Volumes/WORK/htdocs/team/yii/instagress/trunk/framework/base/CApplication.php(180): CWebApplication->processRequest()
#20 /Volumes/WORK/htdocs/team/yii/instagress/trunk/index.php(11): CWebApplication->run()
REQUEST_URI=/post/index
2014/08/28 10:09:39 [error] [exception.CHttpException.404] exception 'CHttpException' with message 'The system is unable to find the requested action "index".' in /Volumes/WORK/htdocs/team/yii/instagress/trunk/framework/web/CController.php:483
Stack trace:
#0 /Volumes/WORK/htdocs/team/yii/instagress/trunk/framework/web/CController.php(270): CController->missingAction('')
#1 /Volumes/WORK/htdocs/team/yii/instagress/trunk/framework/web/CWebApplication.php(282): CController->run('')
#2 /Volumes/WORK/htdocs/team/yii/instagress/trunk/framework/web/CWebApplication.php(141): CWebApplication->runController('')
#3 /Volumes/WORK/htdocs/team/yii/instagress/trunk/framework/base/CApplication.php(180): CWebApplication->processRequest()
#4 /Volumes/WORK/htdocs/team/yii/instagress/trunk/index.php(11): CApplication->run()
#5 {main}
REQUEST_URI=/
---
2014/08/28 10:09:59 [error] [system.db.CDbCommand] CDbCommand::fetchAll() failed: SQLSTATE[42S02]: Base table or view not found: 1146 Table 'instagress.user' doesn't exist. The SQL statement executed was: SHOW FULL COLUMNS FROM `user`.
2014/08/28 10:09:59 [error] [exception.CDbException] exception 'CDbException' with message 'The table "user" for active record class "User" cannot be found in the database.' in /Volumes/WORK/htdocs/team/yii/instagress/trunk/framework/db/ar/CActiveRecord.php:2362
Stack trace:
#0 /Volumes/WORK/htdocs/team/yii/instagress/trunk/framework/db/ar/CActiveRecord.php(411): CActiveRecordMetaData->__construct(Object(User))
#1 /Volumes/WORK/htdocs/team/yii/instagress/trunk/framework/db/ar/CActiveRecord.php(658): CActiveRecord->getMetaData()
#2 /Volumes/WORK/htdocs/team/yii/instagress/trunk/framework/db/ar/CActiveFinder.php(383): CActiveRecord->getTableSchema()
#3 /Volumes/WORK/htdocs/team/yii/instagress/trunk/framework/db/ar/CActiveFinder.php(278): CJoinElement->__construct(Object(CActiveFinder), Object(CBelongsToRelation), Object(CJoinElement), 1)
#4 /Volumes/WORK/htdocs/team/yii/instagress/trunk/framework/db/ar/CActiveFinder.php(48): CActiveFinder->buildJoinTree(Object(CJoinElement), 'author')
#5 /Volumes/WORK/htdocs/team/yii/instagress/trunk/framework/db/ar/CActiveRecord.php(909): CActiveFinder->__construct(Object(Post), 'author')
#6 /Volumes/WORK/htdocs/team/yii/instagress/trunk/framework/db/ar/CActiveRecord.php(280): CActiveRecord->getActiveFinder('author')
#7 /Volumes/WORK/htdocs/team/yii/instagress/trunk/framework/db/ar/CActiveRecord.php(143): CActiveRecord->getRelated('author')
#8 /Volumes/WORK/htdocs/team/yii/instagress/trunk/themes/frontend/views/post/_view.php(6): CActiveRecord->__get('author')
#9 /Volumes/WORK/htdocs/team/yii/instagress/trunk/framework/web/CBaseController.php(130): require('/Volumes/WORK/h...')
#10 /Volumes/WORK/htdocs/team/yii/instagress/trunk/framework/web/CBaseController.php(95): CBaseController->renderInternal('/Volumes/WORK/h...', Array, false)
#11 /Volumes/WORK/htdocs/team/yii/instagress/trunk/framework/zii/widgets/CListView.php(291): CBaseController->renderFile('/Volumes/WORK/h...', Array)
#12 /Volumes/WORK/htdocs/team/yii/instagress/trunk/framework/zii/widgets/CBaseListView.php(167): CListView->renderItems()
#13 [internal function]: CBaseListView->renderSection(Array)
#14 /Volumes/WORK/htdocs/team/yii/instagress/trunk/framework/zii/widgets/CBaseListView.php(150): preg_replace_callback('/{(\w+)}/', Array, '{items}?{pager}')
#15 /Volumes/WORK/htdocs/team/yii/instagress/trunk/framework/zii/widgets/CBaseListView.php(135): CBaseListView->renderContent()
#16 /Volumes/WORK/htdocs/team/yii/instagress/trunk/framework/web/CBaseController.php(173): CBaseListView->run()
#17 /Volumes/WORK/htdocs/team/yii/instagress/trunk/themes/frontend/views/post/index.php(9): CBaseController->widget('zii.widgets.CLi...', Array)
#18 /Volumes/WORK/htdocs/team/yii/instagress/trunk/framework/web/CBaseController.php(126): require('/Volumes/WORK/h...')
#19 /Volumes/WORK/htdocs/team/yii/instagress/trunk/framework/web/CBaseController.php(95): CBaseController->renderInternal('/Volumes/WORK/h...', Array, true)
#20 /Volumes/WORK/htdocs/team/yii/instagress/trunk/framework/web/CController.php(869): CBaseController->renderFile('/Volumes/WORK/h...', Array, true)
#21 /Volumes/WORK/htdocs/team/yii/instagress/trunk/framework/web/CController.php(782): CController->renderPartial('index', Array, true)
#22 /Volumes/WORK/htdocs/team/yii/instagress/trunk/protected/controllers/PostController.php(136): CController->render('index', Array)
#23 /Volumes/WORK/htdocs/team/yii/instagress/trunk/framework/web/actions/CInlineAction.php(49): PostController->actionIndex()
#24 /Volumes/WORK/htdocs/team/yii/instagress/trunk/framework/web/CController.php(308): CInlineAction->runWithParams(Array)
#25 /Volumes/WORK/htdocs/team/yii/instagress/trunk/framework/web/filters/CFilterChain.php(133): CController->runAction(Object(CInlineAction))
#26 /Volumes/WORK/htdocs/team/yii/instagress/trunk/framework/web/filters/CFilter.php(40): CFilterChain->run()
#27 /Volumes/WORK/htdocs/team/yii/instagress/trunk/framework/web/CController.php(1145): CFilter->filter(Object(CFilterChain))
#28 /Volumes/WORK/htdocs/team/yii/instagress/trunk/framework/web/filters/CInlineFilter.php(58): CController->filterAccessControl(Object(CFilterChain))
#29 /Volumes/WORK/htdocs/team/yii/instagress/trunk/framework/web/filters/CFilterChain.php(130): CInlineFilter->filter(Object(CFilterChain))
#30 /Volumes/WORK/htdocs/team/yii/instagress/trunk/framework/web/CController.php(291): CFilterChain->run()
#31 /Volumes/WORK/htdocs/team/yii/instagress/trunk/framework/web/CController.php(265): CController->runActionWithFilters(Object(CInlineAction), Array)
#32 /Volumes/WORK/htdocs/team/yii/instagress/trunk/framework/web/CWebApplication.php(282): CController->run('')
#33 /Volumes/WORK/htdocs/team/yii/instagress/trunk/framework/web/CWebApplication.php(141): CWebApplication->runController('')
#34 /Volumes/WORK/htdocs/team/yii/instagress/trunk/framework/base/CApplication.php(180): CWebApplication->processRequest()
#35 /Volumes/WORK/htdocs/team/yii/instagress/trunk/index.php(11): CApplication->run()
#36 {main}
REQUEST_URI=/
---
2014/08/28 10:12:05 [error] [system.db.CDbCommand] CDbCommand::fetchAll() failed: SQLSTATE[42S02]: Base table or view not found: 1146 Table 'instagress.user' doesn't exist. The SQL statement executed was: SHOW FULL COLUMNS FROM `user`.
2014/08/28 10:12:05 [error] [exception.CDbException] exception 'CDbException' with message 'The table "user" for active record class "User" cannot be found in the database.' in /Volumes/WORK/htdocs/team/yii/instagress/trunk/framework/db/ar/CActiveRecord.php:2362
Stack trace:
#0 /Volumes/WORK/htdocs/team/yii/instagress/trunk/framework/db/ar/CActiveRecord.php(411): CActiveRecordMetaData->__construct(Object(User))
#1 /Volumes/WORK/htdocs/team/yii/instagress/trunk/framework/db/ar/CActiveRecord.php(658): CActiveRecord->getMetaData()
#2 /Volumes/WORK/htdocs/team/yii/instagress/trunk/framework/db/ar/CActiveFinder.php(383): CActiveRecord->getTableSchema()
#3 /Volumes/WORK/htdocs/team/yii/instagress/trunk/framework/db/ar/CActiveFinder.php(278): CJoinElement->__construct(Object(CActiveFinder), Object(CBelongsToRelation), Object(CJoinElement), 1)
#4 /Volumes/WORK/htdocs/team/yii/instagress/trunk/framework/db/ar/CActiveFinder.php(48): CActiveFinder->buildJoinTree(Object(CJoinElement), 'author')
#5 /Volumes/WORK/htdocs/team/yii/instagress/trunk/framework/db/ar/CActiveRecord.php(909): CActiveFinder->__construct(Object(Post), 'author')
#6 /Volumes/WORK/htdocs/team/yii/instagress/trunk/framework/db/ar/CActiveRecord.php(280): CActiveRecord->getActiveFinder('author')
#7 /Volumes/WORK/htdocs/team/yii/instagress/trunk/framework/db/ar/CActiveRecord.php(143): CActiveRecord->getRelated('author')
#8 /Volumes/WORK/htdocs/team/yii/instagress/trunk/themes/frontend/views/post/_view.php(6): CActiveRecord->__get('author')
#9 /Volumes/WORK/htdocs/team/yii/instagress/trunk/framework/web/CBaseController.php(130): require('/Volumes/WORK/h...')
#10 /Volumes/WORK/htdocs/team/yii/instagress/trunk/framework/web/CBaseController.php(95): CBaseController->renderInternal('/Volumes/WORK/h...', Array, false)
#11 /Volumes/WORK/htdocs/team/yii/instagress/trunk/framework/zii/widgets/CListView.php(291): CBaseController->renderFile('/Volumes/WORK/h...', Array)
#12 /Volumes/WORK/htdocs/team/yii/instagress/trunk/framework/zii/widgets/CBaseListView.php(167): CListView->renderItems()
#13 [internal function]: CBaseListView->renderSection(Array)
#14 /Volumes/WORK/htdocs/team/yii/instagress/trunk/framework/zii/widgets/CBaseListView.php(150): preg_replace_callback('/{(\w+)}/', Array, '{items}?{pager}')
#15 /Volumes/WORK/htdocs/team/yii/instagress/trunk/framework/zii/widgets/CBaseListView.php(135): CBaseListView->renderContent()
#16 /Volumes/WORK/htdocs/team/yii/instagress/trunk/framework/web/CBaseController.php(173): CBaseListView->run()
#17 /Volumes/WORK/htdocs/team/yii/instagress/trunk/themes/frontend/views/post/index.php(9): CBaseController->widget('zii.widgets.CLi...', Array)
#18 /Volumes/WORK/htdocs/team/yii/instagress/trunk/framework/web/CBaseController.php(126): require('/Volumes/WORK/h...')
#19 /Volumes/WORK/htdocs/team/yii/instagress/trunk/framework/web/CBaseController.php(95): CBaseController->renderInternal('/Volumes/WORK/h...', Array, true)
#20 /Volumes/WORK/htdocs/team/yii/instagress/trunk/framework/web/CController.php(869): CBaseController->renderFile('/Volumes/WORK/h...', Array, true)
#21 /Volumes/WORK/htdocs/team/yii/instagress/trunk/framework/web/CController.php(782): CController->renderPartial('index', Array, true)
#22 /Volumes/WORK/htdocs/team/yii/instagress/trunk/protected/controllers/PostController.php(136): CController->render('index', Array)
#23 /Volumes/WORK/htdocs/team/yii/instagress/trunk/framework/web/actions/CInlineAction.php(49): PostController->actionIndex()
#24 /Volumes/WORK/htdocs/team/yii/instagress/trunk/framework/web/CController.php(308): CInlineAction->runWithParams(Array)
#25 /Volumes/WORK/htdocs/team/yii/instagress/trunk/framework/web/filters/CFilterChain.php(133): CController->runAction(Object(CInlineAction))
#26 /Volumes/WORK/htdocs/team/yii/instagress/trunk/framework/web/filters/CFilter.php(40): CFilterChain->run()
#27 /Volumes/WORK/htdocs/team/yii/instagress/trunk/framework/web/CController.php(1145): CFilter->filter(Object(CFilterChain))
#28 /Volumes/WORK/htdocs/team/yii/instagress/trunk/framework/web/filters/CInlineFilter.php(58): CController->filterAccessControl(Object(CFilterChain))
#29 /Volumes/WORK/htdocs/team/yii/instagress/trunk/framework/web/filters/CFilterChain.php(130): CInlineFilter->filter(Object(CFilterChain))
#30 /Volumes/WORK/htdocs/team/yii/instagress/trunk/framework/web/CController.php(291): CFilterChain->run()
#31 /Volumes/WORK/htdocs/team/yii/instagress/trunk/framework/web/CController.php(265): CController->runActionWithFilters(Object(CInlineAction), Array)
#32 /Volumes/WORK/htdocs/team/yii/instagress/trunk/framework/web/CWebApplication.php(282): CController->run('')
#33 /Volumes/WORK/htdocs/team/yii/instagress/trunk/framework/web/CWebApplication.php(141): CWebApplication->runController('')
#34 /Volumes/WORK/htdocs/team/yii/instagress/trunk/framework/base/CApplication.php(180): CWebApplication->processRequest()
#35 /Volumes/WORK/htdocs/team/yii/instagress/trunk/index.php(11): CApplication->run()
#36 {main}
REQUEST_URI=/
---
2014/08/28 10:18:48 [error] [php] include(TagCloud.php): failed to open stream: No such file or directory (/Volumes/WORK/htdocs/team/yii/instagress/trunk/framework/YiiBase.php:427)
Stack trace:
#0 /Volumes/WORK/htdocs/team/yii/instagress/trunk/framework/web/CWidgetFactory.php(146): import()
#1 /Volumes/WORK/htdocs/team/yii/instagress/trunk/framework/web/CBaseController.php(146): CWidgetFactory->createWidget()
#2 /Volumes/WORK/htdocs/team/yii/instagress/trunk/framework/web/CBaseController.php(172): PostController->createWidget()
#3 /Volumes/WORK/htdocs/team/yii/instagress/trunk/themes/frontend/views/layouts/column2.php(14): PostController->widget()
#4 /Volumes/WORK/htdocs/team/yii/instagress/trunk/framework/web/CBaseController.php(126): require()
#5 /Volumes/WORK/htdocs/team/yii/instagress/trunk/framework/web/CBaseController.php(95): PostController->renderInternal()
#6 /Volumes/WORK/htdocs/team/yii/instagress/trunk/framework/web/CController.php(784): PostController->renderFile()
#7 /Volumes/WORK/htdocs/team/yii/instagress/trunk/protected/controllers/PostController.php(136): PostController->render()
#8 /Volumes/WORK/htdocs/team/yii/instagress/trunk/framework/web/actions/CInlineAction.php(49): PostController->actionIndex()
#9 /Volumes/WORK/htdocs/team/yii/instagress/trunk/framework/web/CController.php(308): CInlineAction->runWithParams()
#10 /Volumes/WORK/htdocs/team/yii/instagress/trunk/framework/web/filters/CFilterChain.php(133): PostController->runAction()
#11 /Volumes/WORK/htdocs/team/yii/instagress/trunk/framework/web/filters/CFilter.php(40): CFilterChain->run()
#12 /Volumes/WORK/htdocs/team/yii/instagress/trunk/framework/web/CController.php(1145): CAccessControlFilter->filter()
#13 /Volumes/WORK/htdocs/team/yii/instagress/trunk/framework/web/filters/CInlineFilter.php(58): PostController->filterAccessControl()
#14 /Volumes/WORK/htdocs/team/yii/instagress/trunk/framework/web/filters/CFilterChain.php(130): CInlineFilter->filter()
#15 /Volumes/WORK/htdocs/team/yii/instagress/trunk/framework/web/CController.php(291): CFilterChain->run()
#16 /Volumes/WORK/htdocs/team/yii/instagress/trunk/framework/web/CController.php(265): PostController->runActionWithFilters()
#17 /Volumes/WORK/htdocs/team/yii/instagress/trunk/framework/web/CWebApplication.php(282): PostController->run()
#18 /Volumes/WORK/htdocs/team/yii/instagress/trunk/framework/web/CWebApplication.php(141): CWebApplication->runController()
#19 /Volumes/WORK/htdocs/team/yii/instagress/trunk/framework/base/CApplication.php(180): CWebApplication->processRequest()
#20 /Volumes/WORK/htdocs/team/yii/instagress/trunk/index.php(11): CWebApplication->run()
REQUEST_URI=/
2014/08/28 10:19:26 [error] [php] include(TagCloud.php): failed to open stream: No such file or directory (/Volumes/WORK/htdocs/team/yii/instagress/trunk/framework/YiiBase.php:427)
Stack trace:
#0 /Volumes/WORK/htdocs/team/yii/instagress/trunk/framework/web/CWidgetFactory.php(146): import()
#1 /Volumes/WORK/htdocs/team/yii/instagress/trunk/framework/web/CBaseController.php(146): CWidgetFactory->createWidget()
#2 /Volumes/WORK/htdocs/team/yii/instagress/trunk/framework/web/CBaseController.php(172): PostController->createWidget()
#3 /Volumes/WORK/htdocs/team/yii/instagress/trunk/themes/frontend/views/layouts/column2.php(14): PostController->widget()
#4 /Volumes/WORK/htdocs/team/yii/instagress/trunk/framework/web/CBaseController.php(126): require()
#5 /Volumes/WORK/htdocs/team/yii/instagress/trunk/framework/web/CBaseController.php(95): PostController->renderInternal()
#6 /Volumes/WORK/htdocs/team/yii/instagress/trunk/framework/web/CController.php(784): PostController->renderFile()
#7 /Volumes/WORK/htdocs/team/yii/instagress/trunk/protected/controllers/PostController.php(136): PostController->render()
#8 /Volumes/WORK/htdocs/team/yii/instagress/trunk/framework/web/actions/CInlineAction.php(49): PostController->actionIndex()
#9 /Volumes/WORK/htdocs/team/yii/instagress/trunk/framework/web/CController.php(308): CInlineAction->runWithParams()
#10 /Volumes/WORK/htdocs/team/yii/instagress/trunk/framework/web/filters/CFilterChain.php(133): PostController->runAction()
#11 /Volumes/WORK/htdocs/team/yii/instagress/trunk/framework/web/filters/CFilter.php(40): CFilterChain->run()
#12 /Volumes/WORK/htdocs/team/yii/instagress/trunk/framework/web/CController.php(1145): CAccessControlFilter->filter()
#13 /Volumes/WORK/htdocs/team/yii/instagress/trunk/framework/web/filters/CInlineFilter.php(58): PostController->filterAccessControl()
#14 /Volumes/WORK/htdocs/team/yii/instagress/trunk/framework/web/filters/CFilterChain.php(130): CInlineFilter->filter()
#15 /Volumes/WORK/htdocs/team/yii/instagress/trunk/framework/web/CController.php(291): CFilterChain->run()
#16 /Volumes/WORK/htdocs/team/yii/instagress/trunk/framework/web/CController.php(265): PostController->runActionWithFilters()
#17 /Volumes/WORK/htdocs/team/yii/instagress/trunk/framework/web/CWebApplication.php(282): PostController->run()
#18 /Volumes/WORK/htdocs/team/yii/instagress/trunk/framework/web/CWebApplication.php(141): CWebApplication->runController()
#19 /Volumes/WORK/htdocs/team/yii/instagress/trunk/framework/base/CApplication.php(180): CWebApplication->processRequest()
#20 /Volumes/WORK/htdocs/team/yii/instagress/trunk/index.php(11): CWebApplication->run()
REQUEST_URI=/
2014/08/28 10:20:15 [error] [php] include(TagCloud.php): failed to open stream: No such file or directory (/Volumes/WORK/htdocs/team/yii/instagress/trunk/framework/YiiBase.php:427)
Stack trace:
#0 /Volumes/WORK/htdocs/team/yii/instagress/trunk/framework/web/CWidgetFactory.php(146): import()
#1 /Volumes/WORK/htdocs/team/yii/instagress/trunk/framework/web/CBaseController.php(146): CWidgetFactory->createWidget()
#2 /Volumes/WORK/htdocs/team/yii/instagress/trunk/framework/web/CBaseController.php(172): PostController->createWidget()
#3 /Volumes/WORK/htdocs/team/yii/instagress/trunk/themes/frontend/views/layouts/column2.php(14): PostController->widget()
#4 /Volumes/WORK/htdocs/team/yii/instagress/trunk/framework/web/CBaseController.php(126): require()
#5 /Volumes/WORK/htdocs/team/yii/instagress/trunk/framework/web/CBaseController.php(95): PostController->renderInternal()
#6 /Volumes/WORK/htdocs/team/yii/instagress/trunk/framework/web/CController.php(784): PostController->renderFile()
#7 /Volumes/WORK/htdocs/team/yii/instagress/trunk/protected/controllers/PostController.php(136): PostController->render()
#8 /Volumes/WORK/htdocs/team/yii/instagress/trunk/framework/web/actions/CInlineAction.php(49): PostController->actionIndex()
#9 /Volumes/WORK/htdocs/team/yii/instagress/trunk/framework/web/CController.php(308): CInlineAction->runWithParams()
#10 /Volumes/WORK/htdocs/team/yii/instagress/trunk/framework/web/filters/CFilterChain.php(133): PostController->runAction()
#11 /Volumes/WORK/htdocs/team/yii/instagress/trunk/framework/web/filters/CFilter.php(40): CFilterChain->run()
#12 /Volumes/WORK/htdocs/team/yii/instagress/trunk/framework/web/CController.php(1145): CAccessControlFilter->filter()
#13 /Volumes/WORK/htdocs/team/yii/instagress/trunk/framework/web/filters/CInlineFilter.php(58): PostController->filterAccessControl()
#14 /Volumes/WORK/htdocs/team/yii/instagress/trunk/framework/web/filters/CFilterChain.php(130): CInlineFilter->filter()
#15 /Volumes/WORK/htdocs/team/yii/instagress/trunk/framework/web/CController.php(291): CFilterChain->run()
#16 /Volumes/WORK/htdocs/team/yii/instagress/trunk/framework/web/CController.php(265): PostController->runActionWithFilters()
#17 /Volumes/WORK/htdocs/team/yii/instagress/trunk/framework/web/CWebApplication.php(282): PostController->run()
#18 /Volumes/WORK/htdocs/team/yii/instagress/trunk/framework/web/CWebApplication.php(141): CWebApplication->runController()
#19 /Volumes/WORK/htdocs/team/yii/instagress/trunk/framework/base/CApplication.php(180): CWebApplication->processRequest()
#20 /Volumes/WORK/htdocs/team/yii/instagress/trunk/index.php(11): CWebApplication->run()
REQUEST_URI=/
2014/08/28 10:23:10 [error] [php] include(RecentComments.php): failed to open stream: No such file or directory (/Volumes/WORK/htdocs/team/yii/instagress/trunk/framework/YiiBase.php:427)
Stack trace:
#0 /Volumes/WORK/htdocs/team/yii/instagress/trunk/framework/web/CWidgetFactory.php(146): import()
#1 /Volumes/WORK/htdocs/team/yii/instagress/trunk/framework/web/CBaseController.php(146): CWidgetFactory->createWidget()
#2 /Volumes/WORK/htdocs/team/yii/instagress/trunk/framework/web/CBaseController.php(172): PostController->createWidget()
#3 /Volumes/WORK/htdocs/team/yii/instagress/trunk/themes/frontend/views/layouts/column2.php(18): PostController->widget()
#4 /Volumes/WORK/htdocs/team/yii/instagress/trunk/framework/web/CBaseController.php(126): require()
#5 /Volumes/WORK/htdocs/team/yii/instagress/trunk/framework/web/CBaseController.php(95): PostController->renderInternal()
#6 /Volumes/WORK/htdocs/team/yii/instagress/trunk/framework/web/CController.php(784): PostController->renderFile()
#7 /Volumes/WORK/htdocs/team/yii/instagress/trunk/protected/controllers/PostController.php(136): PostController->render()
#8 /Volumes/WORK/htdocs/team/yii/instagress/trunk/framework/web/actions/CInlineAction.php(49): PostController->actionIndex()
#9 /Volumes/WORK/htdocs/team/yii/instagress/trunk/framework/web/CController.php(308): CInlineAction->runWithParams()
#10 /Volumes/WORK/htdocs/team/yii/instagress/trunk/framework/web/filters/CFilterChain.php(133): PostController->runAction()
#11 /Volumes/WORK/htdocs/team/yii/instagress/trunk/framework/web/filters/CFilter.php(40): CFilterChain->run()
#12 /Volumes/WORK/htdocs/team/yii/instagress/trunk/framework/web/CController.php(1145): CAccessControlFilter->filter()
#13 /Volumes/WORK/htdocs/team/yii/instagress/trunk/framework/web/filters/CInlineFilter.php(58): PostController->filterAccessControl()
#14 /Volumes/WORK/htdocs/team/yii/instagress/trunk/framework/web/filters/CFilterChain.php(130): CInlineFilter->filter()
#15 /Volumes/WORK/htdocs/team/yii/instagress/trunk/framework/web/CController.php(291): CFilterChain->run()
#16 /Volumes/WORK/htdocs/team/yii/instagress/trunk/framework/web/CController.php(265): PostController->runActionWithFilters()
#17 /Volumes/WORK/htdocs/team/yii/instagress/trunk/framework/web/CWebApplication.php(282): PostController->run()
#18 /Volumes/WORK/htdocs/team/yii/instagress/trunk/framework/web/CWebApplication.php(141): CWebApplication->runController()
#19 /Volumes/WORK/htdocs/team/yii/instagress/trunk/framework/base/CApplication.php(180): CWebApplication->processRequest()
#20 /Volumes/WORK/htdocs/team/yii/instagress/trunk/index.php(11): CWebApplication->run()
REQUEST_URI=/
2014/08/28 10:23:33 [error] [exception.CException] exception 'CException' with message 'RecentComments cannot find the view "recentComments".' in /Volumes/WORK/htdocs/team/yii/instagress/trunk/framework/web/widgets/CWidget.php:246
Stack trace:
#0 /Volumes/WORK/htdocs/team/yii/instagress/trunk/protected/components/RecentComments.php(17): CWidget->render('recentComments')
#1 /Volumes/WORK/htdocs/team/yii/instagress/trunk/framework/zii/widgets/CPortlet.php(97): RecentComments->renderContent()
#2 /Volumes/WORK/htdocs/team/yii/instagress/trunk/framework/web/CBaseController.php(173): CPortlet->run()
#3 /Volumes/WORK/htdocs/team/yii/instagress/trunk/themes/frontend/views/layouts/column2.php(18): CBaseController->widget('RecentComments', Array)
#4 /Volumes/WORK/htdocs/team/yii/instagress/trunk/framework/web/CBaseController.php(126): require('/Volumes/WORK/h...')
#5 /Volumes/WORK/htdocs/team/yii/instagress/trunk/framework/web/CBaseController.php(95): CBaseController->renderInternal('/Volumes/WORK/h...', Array, true)
#6 /Volumes/WORK/htdocs/team/yii/instagress/trunk/framework/web/CController.php(784): CBaseController->renderFile('/Volumes/WORK/h...', Array, true)
#7 /Volumes/WORK/htdocs/team/yii/instagress/trunk/protected/controllers/PostController.php(136): CController->render('index', Array)
#8 /Volumes/WORK/htdocs/team/yii/instagress/trunk/framework/web/actions/CInlineAction.php(49): PostController->actionIndex()
#9 /Volumes/WORK/htdocs/team/yii/instagress/trunk/framework/web/CController.php(308): CInlineAction->runWithParams(Array)
#10 /Volumes/WORK/htdocs/team/yii/instagress/trunk/framework/web/filters/CFilterChain.php(133): CController->runAction(Object(CInlineAction))
#11 /Volumes/WORK/htdocs/team/yii/instagress/trunk/framework/web/filters/CFilter.php(40): CFilterChain->run()
#12 /Volumes/WORK/htdocs/team/yii/instagress/trunk/framework/web/CController.php(1145): CFilter->filter(Object(CFilterChain))
#13 /Volumes/WORK/htdocs/team/yii/instagress/trunk/framework/web/filters/CInlineFilter.php(58): CController->filterAccessControl(Object(CFilterChain))
#14 /Volumes/WORK/htdocs/team/yii/instagress/trunk/framework/web/filters/CFilterChain.php(130): CInlineFilter->filter(Object(CFilterChain))
#15 /Volumes/WORK/htdocs/team/yii/instagress/trunk/framework/web/CController.php(291): CFilterChain->run()
#16 /Volumes/WORK/htdocs/team/yii/instagress/trunk/framework/web/CController.php(265): CController->runActionWithFilters(Object(CInlineAction), Array)
#17 /Volumes/WORK/htdocs/team/yii/instagress/trunk/framework/web/CWebApplication.php(282): CController->run('')
#18 /Volumes/WORK/htdocs/team/yii/instagress/trunk/framework/web/CWebApplication.php(141): CWebApplication->runController('')
#19 /Volumes/WORK/htdocs/team/yii/instagress/trunk/framework/base/CApplication.php(180): CWebApplication->processRequest()
#20 /Volumes/WORK/htdocs/team/yii/instagress/trunk/index.php(11): CApplication->run()
#21 {main}
REQUEST_URI=/
---
2014/08/28 10:28:13 [error] [exception.CException] exception 'CException' with message 'Property "LoginForm.username" is not defined.' in /Volumes/WORK/htdocs/team/yii/instagress/trunk/framework/base/CComponent.php:130
Stack trace:
#0 /Volumes/WORK/htdocs/team/yii/instagress/trunk/framework/web/helpers/CHtml.php(2529): CComponent->__get('username')
#1 /Volumes/WORK/htdocs/team/yii/instagress/trunk/framework/web/helpers/CHtml.php(2252): CHtml::resolveValue(Object(LoginForm), 'username')
#2 /Volumes/WORK/htdocs/team/yii/instagress/trunk/framework/web/helpers/CHtml.php(1434): CHtml::activeInputField('text', Object(LoginForm), 'username', Array)
#3 /Volumes/WORK/htdocs/team/yii/instagress/trunk/framework/web/widgets/CActiveForm.php(725): CHtml::activeTextField(Object(LoginForm), 'username', Array)
#4 /Volumes/WORK/htdocs/team/yii/instagress/trunk/themes/frontend/views/site/login.php(22): CActiveForm->textField(Object(LoginForm), 'username')
#5 /Volumes/WORK/htdocs/team/yii/instagress/trunk/framework/web/CBaseController.php(126): require('/Volumes/WORK/h...')
#6 /Volumes/WORK/htdocs/team/yii/instagress/trunk/framework/web/CBaseController.php(95): CBaseController->renderInternal('/Volumes/WORK/h...', Array, true)
#7 /Volumes/WORK/htdocs/team/yii/instagress/trunk/framework/web/CController.php(869): CBaseController->renderFile('/Volumes/WORK/h...', Array, true)
#8 /Volumes/WORK/htdocs/team/yii/instagress/trunk/framework/web/CController.php(782): CController->renderPartial('login', Array, true)
#9 /Volumes/WORK/htdocs/team/yii/instagress/trunk/protected/controllers/SiteController.php(86): CController->render('login', Array)
#10 /Volumes/WORK/htdocs/team/yii/instagress/trunk/framework/web/actions/CInlineAction.php(49): SiteController->actionLogin()
#11 /Volumes/WORK/htdocs/team/yii/instagress/trunk/framework/web/CController.php(308): CInlineAction->runWithParams(Array)
#12 /Volumes/WORK/htdocs/team/yii/instagress/trunk/framework/web/CController.php(286): CController->runAction(Object(CInlineAction))
#13 /Volumes/WORK/htdocs/team/yii/instagress/trunk/framework/web/CController.php(265): CController->runActionWithFilters(Object(CInlineAction), Array)
#14 /Volumes/WORK/htdocs/team/yii/instagress/trunk/framework/web/CWebApplication.php(282): CController->run('login')
#15 /Volumes/WORK/htdocs/team/yii/instagress/trunk/framework/web/CWebApplication.php(141): CWebApplication->runController('site/login')
#16 /Volumes/WORK/htdocs/team/yii/instagress/trunk/framework/base/CApplication.php(180): CWebApplication->processRequest()
#17 /Volumes/WORK/htdocs/team/yii/instagress/trunk/index.php(11): CApplication->run()
#18 {main}
REQUEST_URI=/site/login
HTTP_REFERER=http://instagress.me/site/contact
---
2014/08/28 10:31:39 [error] [exception.CException] exception 'CException' with message 'Property "LoginForm.username" is not defined.' in /Volumes/WORK/htdocs/team/yii/instagress/trunk/framework/base/CComponent.php:130
Stack trace:
#0 /Volumes/WORK/htdocs/team/yii/instagress/trunk/framework/web/helpers/CHtml.php(2529): CComponent->__get('username')
#1 /Volumes/WORK/htdocs/team/yii/instagress/trunk/framework/web/helpers/CHtml.php(2252): CHtml::resolveValue(Object(LoginForm), 'username')
#2 /Volumes/WORK/htdocs/team/yii/instagress/trunk/framework/web/helpers/CHtml.php(1434): CHtml::activeInputField('text', Object(LoginForm), 'username', Array)
#3 /Volumes/WORK/htdocs/team/yii/instagress/trunk/framework/web/widgets/CActiveForm.php(725): CHtml::activeTextField(Object(LoginForm), 'username', Array)
#4 /Volumes/WORK/htdocs/team/yii/instagress/trunk/themes/frontend/views/site/login.php(22): CActiveForm->textField(Object(LoginForm), 'username')
#5 /Volumes/WORK/htdocs/team/yii/instagress/trunk/framework/web/CBaseController.php(126): require('/Volumes/WORK/h...')
#6 /Volumes/WORK/htdocs/team/yii/instagress/trunk/framework/web/CBaseController.php(95): CBaseController->renderInternal('/Volumes/WORK/h...', Array, true)
#7 /Volumes/WORK/htdocs/team/yii/instagress/trunk/framework/web/CController.php(869): CBaseController->renderFile('/Volumes/WORK/h...', Array, true)
#8 /Volumes/WORK/htdocs/team/yii/instagress/trunk/framework/web/CController.php(782): CController->renderPartial('login', Array, true)
#9 /Volumes/WORK/htdocs/team/yii/instagress/trunk/protected/controllers/SiteController.php(86): CController->render('login', Array)
#10 /Volumes/WORK/htdocs/team/yii/instagress/trunk/framework/web/actions/CInlineAction.php(49): SiteController->actionLogin()
#11 /Volumes/WORK/htdocs/team/yii/instagress/trunk/framework/web/CController.php(308): CInlineAction->runWithParams(Array)
#12 /Volumes/WORK/htdocs/team/yii/instagress/trunk/framework/web/CController.php(286): CController->runAction(Object(CInlineAction))
#13 /Volumes/WORK/htdocs/team/yii/instagress/trunk/framework/web/CController.php(265): CController->runActionWithFilters(Object(CInlineAction), Array)
#14 /Volumes/WORK/htdocs/team/yii/instagress/trunk/framework/web/CWebApplication.php(282): CController->run('login')
#15 /Volumes/WORK/htdocs/team/yii/instagress/trunk/framework/web/CWebApplication.php(141): CWebApplication->runController('site/login')
#16 /Volumes/WORK/htdocs/team/yii/instagress/trunk/framework/base/CApplication.php(180): CWebApplication->processRequest()
#17 /Volumes/WORK/htdocs/team/yii/instagress/trunk/index.php(11): CApplication->run()
#18 {main}
REQUEST_URI=/site/login
HTTP_REFERER=http://instagress.me/site/contact
---
2014/08/28 10:31:41 [error] [exception.CException] exception 'CException' with message 'Property "LoginForm.username" is not defined.' in /Volumes/WORK/htdocs/team/yii/instagress/trunk/framework/base/CComponent.php:130
Stack trace:
#0 /Volumes/WORK/htdocs/team/yii/instagress/trunk/framework/web/helpers/CHtml.php(2529): CComponent->__get('username')
#1 /Volumes/WORK/htdocs/team/yii/instagress/trunk/framework/web/helpers/CHtml.php(2252): CHtml::resolveValue(Object(LoginForm), 'username')
#2 /Volumes/WORK/htdocs/team/yii/instagress/trunk/framework/web/helpers/CHtml.php(1434): CHtml::activeInputField('text', Object(LoginForm), 'username', Array)
#3 /Volumes/WORK/htdocs/team/yii/instagress/trunk/framework/web/widgets/CActiveForm.php(725): CHtml::activeTextField(Object(LoginForm), 'username', Array)
#4 /Volumes/WORK/htdocs/team/yii/instagress/trunk/themes/frontend/views/site/login.php(22): CActiveForm->textField(Object(LoginForm), 'username')
#5 /Volumes/WORK/htdocs/team/yii/instagress/trunk/framework/web/CBaseController.php(126): require('/Volumes/WORK/h...')
#6 /Volumes/WORK/htdocs/team/yii/instagress/trunk/framework/web/CBaseController.php(95): CBaseController->renderInternal('/Volumes/WORK/h...', Array, true)
#7 /Volumes/WORK/htdocs/team/yii/instagress/trunk/framework/web/CController.php(869): CBaseController->renderFile('/Volumes/WORK/h...', Array, true)
#8 /Volumes/WORK/htdocs/team/yii/instagress/trunk/framework/web/CController.php(782): CController->renderPartial('login', Array, true)
#9 /Volumes/WORK/htdocs/team/yii/instagress/trunk/protected/controllers/SiteController.php(86): CController->render('login', Array)
#10 /Volumes/WORK/htdocs/team/yii/instagress/trunk/framework/web/actions/CInlineAction.php(49): SiteController->actionLogin()
#11 /Volumes/WORK/htdocs/team/yii/instagress/trunk/framework/web/CController.php(308): CInlineAction->runWithParams(Array)
#12 /Volumes/WORK/htdocs/team/yii/instagress/trunk/framework/web/CController.php(286): CController->runAction(Object(CInlineAction))
#13 /Volumes/WORK/htdocs/team/yii/instagress/trunk/framework/web/CController.php(265): CController->runActionWithFilters(Object(CInlineAction), Array)
#14 /Volumes/WORK/htdocs/team/yii/instagress/trunk/framework/web/CWebApplication.php(282): CController->run('login')
#15 /Volumes/WORK/htdocs/team/yii/instagress/trunk/framework/web/CWebApplication.php(141): CWebApplication->runController('site/login')
#16 /Volumes/WORK/htdocs/team/yii/instagress/trunk/framework/base/CApplication.php(180): CWebApplication->processRequest()
#17 /Volumes/WORK/htdocs/team/yii/instagress/trunk/index.php(11): CApplication->run()
#18 {main}
REQUEST_URI=/site/login
HTTP_REFERER=http://instagress.me/site/contact
---
2014/08/28 10:40:32 [error] [exception.CException] exception 'CException' with message 'Property "SiteController.thumb" is not defined.' in /Volumes/WORK/htdocs/team/yii/instagress/trunk/framework/base/CComponent.php:130
Stack trace:
#0 /Volumes/WORK/htdocs/team/yii/instagress/trunk/protected/controllers/SiteController.php(100): CComponent->__get('thumb')
#1 /Volumes/WORK/htdocs/team/yii/instagress/trunk/framework/web/actions/CInlineAction.php(49): SiteController->actionIndex()
#2 /Volumes/WORK/htdocs/team/yii/instagress/trunk/framework/web/CController.php(308): CInlineAction->runWithParams(Array)
#3 /Volumes/WORK/htdocs/team/yii/instagress/trunk/framework/web/CController.php(286): CController->runAction(Object(CInlineAction))
#4 /Volumes/WORK/htdocs/team/yii/instagress/trunk/framework/web/CController.php(265): CController->runActionWithFilters(Object(CInlineAction), Array)
#5 /Volumes/WORK/htdocs/team/yii/instagress/trunk/framework/web/CWebApplication.php(282): CController->run('')
#6 /Volumes/WORK/htdocs/team/yii/instagress/trunk/framework/web/CWebApplication.php(141): CWebApplication->runController('')
#7 /Volumes/WORK/htdocs/team/yii/instagress/trunk/framework/base/CApplication.php(180): CWebApplication->processRequest()
#8 /Volumes/WORK/htdocs/team/yii/instagress/trunk/index.php(11): CApplication->run()
#9 {main}
REQUEST_URI=/
---
2014/09/05 11:25:20 [error] [exception.CHttpException.404] exception 'CHttpException' with message 'Unable to resolve the request "admin".' in /Volumes/WORK/htdocs/team/yii/instagress/trunk/framework/web/CWebApplication.php:286
Stack trace:
#0 /Volumes/WORK/htdocs/team/yii/instagress/trunk/framework/web/CWebApplication.php(141): CWebApplication->runController('admin')
#1 /Volumes/WORK/htdocs/team/yii/instagress/trunk/framework/base/CApplication.php(180): CWebApplication->processRequest()
#2 /Volumes/WORK/htdocs/team/yii/instagress/trunk/index.php(11): CApplication->run()
#3 {main}
REQUEST_URI=/admin
---
2014/09/05 11:25:28 [error] [exception.CException] exception 'CException' with message 'Property "LoginForm.email" is not defined.' in /Volumes/WORK/htdocs/team/yii/instagress/trunk/framework/base/CComponent.php:130
Stack trace:
#0 /Volumes/WORK/htdocs/team/yii/instagress/trunk/framework/web/helpers/CHtml.php(2529): CComponent->__get('email')
#1 /Volumes/WORK/htdocs/team/yii/instagress/trunk/framework/web/helpers/CHtml.php(2252): CHtml::resolveValue(Object(LoginForm), 'email')
#2 /Volumes/WORK/htdocs/team/yii/instagress/trunk/framework/web/helpers/CHtml.php(1434): CHtml::activeInputField('text', Object(LoginForm), 'email', Array)
#3 /Volumes/WORK/htdocs/team/yii/instagress/trunk/framework/web/widgets/CActiveForm.php(725): CHtml::activeTextField(Object(LoginForm), 'email', Array)
#4 /Volumes/WORK/htdocs/team/yii/instagress/trunk/protected/modules/admin/views/login/login.php(9): CActiveForm->textField(Object(LoginForm), 'email')
#5 /Volumes/WORK/htdocs/team/yii/instagress/trunk/framework/web/CBaseController.php(126): require('/Volumes/WORK/h...')
#6 /Volumes/WORK/htdocs/team/yii/instagress/trunk/framework/web/CBaseController.php(95): CBaseController->renderInternal('/Volumes/WORK/h...', Array, true)
#7 /Volumes/WORK/htdocs/team/yii/instagress/trunk/framework/web/CController.php(869): CBaseController->renderFile('/Volumes/WORK/h...', Array, true)
#8 /Volumes/WORK/htdocs/team/yii/instagress/trunk/framework/web/CController.php(782): CController->renderPartial('login', Array, true)
#9 /Volumes/WORK/htdocs/team/yii/instagress/trunk/protected/modules/admin/controllers/LoginController.php(42): CController->render('login', Array)
#10 /Volumes/WORK/htdocs/team/yii/instagress/trunk/framework/web/actions/CInlineAction.php(49): LoginController->actionIndex()
#11 /Volumes/WORK/htdocs/team/yii/instagress/trunk/framework/web/CController.php(308): CInlineAction->runWithParams(Array)
#12 /Volumes/WORK/htdocs/team/yii/instagress/trunk/framework/web/CController.php(286): CController->runAction(Object(CInlineAction))
#13 /Volumes/WORK/htdocs/team/yii/instagress/trunk/framework/web/CController.php(265): CController->runActionWithFilters(Object(CInlineAction), Array)
#14 /Volumes/WORK/htdocs/team/yii/instagress/trunk/framework/web/CWebApplication.php(282): CController->run('')
#15 /Volumes/WORK/htdocs/team/yii/instagress/trunk/framework/web/CWebApplication.php(141): CWebApplication->runController('admin/login')
#16 /Volumes/WORK/htdocs/team/yii/instagress/trunk/framework/base/CApplication.php(180): CWebApplication->processRequest()
#17 /Volumes/WORK/htdocs/team/yii/instagress/trunk/index.php(11): CApplication->run()
#18 {main}
REQUEST_URI=/admin/login
---
